<?xml version="1.0" encoding="UTF-8"?>
<!-- Generated by org.testng.reporters.JUnitXMLReporter -->
<testsuite ignored="0" hostname="it-Latitude-3510" failures="0" tests="6" name="NegativeTC" time="30.433" errors="0" timestamp="2023-05-25T21:57:51 IST">
  <testcase classname="loginTC.Tc02" name="Tc02_VerifyLogin" time="14.251"/>
  <testcase classname="loginTC.Tc06" name="Tc04_VerifyLogin" time="19.008"/>
  <testcase classname="loginTC.Tc03" name="Tc03_VerifyLogin" time="19.277"/>
  <testcase classname="loginTC.Tc05" name="Tc04_VerifyLogin" time="19.799"/>
  <testcase classname="loginTC.Tc04" name="Tc04_VerifyLogin" time="20.298"/>
  <testcase classname="loginTC.Tc07" name="Tc04_VerifyLogin" time="16.176"/>
</testsuite> <!-- NegativeTC -->
