<?xml version="1.0" encoding="UTF-8"?>
<!-- Generated by org.testng.reporters.JUnitXMLReporter -->
<testsuite ignored="0" hostname="it-Latitude-3510" failures="0" tests="3" name="Negative" time="18.25" errors="0" timestamp="2023-05-23T20:22:39 IST">
  <testcase classname="loginTC.Tc02" name="Tc02_VerifyLogin" time="12.738"/>
  <testcase classname="loginTC.Tc03" name="Tc03_VerifyLogin" time="17.013"/>
  <testcase classname="loginTC.Tc04" name="Tc04_VerifyLogin" time="18.245"/>
</testsuite> <!-- Negative -->
