<?xml version="1.0" encoding="UTF-8"?>
<!-- Generated by org.testng.reporters.JUnitXMLReporter -->
<testsuite ignored="0" hostname="it-Latitude-3510" failures="0" tests="5" name="NegativeTC" time="21.392" errors="0" timestamp="2023-05-25T14:08:19 IST">
  <testcase classname="loginTC.Tc04" name="Tc04_VerifyLogin" time="14.158"/>
  <testcase classname="loginTC.Tc06" name="Tc04_VerifyLogin" time="19.831"/>
  <testcase classname="loginTC.Tc05" name="Tc04_VerifyLogin" time="20.394"/>
  <testcase classname="loginTC.Tc03" name="Tc03_VerifyLogin" time="21.106"/>
  <testcase classname="loginTC.Tc02" name="Tc02_VerifyLogin" time="21.388"/>
</testsuite> <!-- NegativeTC -->
