<?xml version="1.0" encoding="UTF-8"?>
<testng-results ignored="0" total="6" passed="6" failed="0" skipped="0">
  <reporter-output>
  </reporter-output>
  <suite started-at="2023-05-25T14:07:38 IST" name="Suite" finished-at="2023-05-25T14:08:19 IST" duration-ms="40808">
    <groups>
    </groups>
    <test started-at="2023-05-25T14:07:38 IST" name="PositiveTC" finished-at="2023-05-25T14:07:58 IST" duration-ms="19390">
      <class name="loginTC.Tc01">
        <test-method signature="Tc01_VerifyLogin()[pri:0, instance:loginTC.Tc01@2f112965]" started-at="2023-05-25T14:07:38 IST" name="Tc01_VerifyLogin" finished-at="2023-05-25T14:07:58 IST" duration-ms="19355" status="PASS">
          <reporter-output>
          </reporter-output>
        </test-method> <!-- Tc01_VerifyLogin -->
      </class> <!-- loginTC.Tc01 -->
    </test> <!-- PositiveTC -->
    <test started-at="2023-05-25T14:07:58 IST" name="NegativeTC" finished-at="2023-05-25T14:08:19 IST" duration-ms="21392">
      <class name="loginTC.Tc05">
        <test-method signature="Tc04_VerifyLogin()[pri:0, instance:loginTC.Tc05@418e7838]" started-at="2023-05-25T14:07:58 IST" name="Tc04_VerifyLogin" finished-at="2023-05-25T14:08:18 IST" duration-ms="20394" status="PASS">
          <reporter-output>
          </reporter-output>
        </test-method> <!-- Tc04_VerifyLogin -->
      </class> <!-- loginTC.Tc05 -->
      <class name="loginTC.Tc06">
        <test-method signature="Tc04_VerifyLogin()[pri:0, instance:loginTC.Tc06@61230f6a]" started-at="2023-05-25T14:07:58 IST" name="Tc04_VerifyLogin" finished-at="2023-05-25T14:08:17 IST" duration-ms="19831" status="PASS">
          <reporter-output>
          </reporter-output>
        </test-method> <!-- Tc04_VerifyLogin -->
      </class> <!-- loginTC.Tc06 -->
      <class name="loginTC.Tc03">
        <test-method signature="Tc03_VerifyLogin()[pri:0, instance:loginTC.Tc03@4a22f9e2]" started-at="2023-05-25T14:07:58 IST" name="Tc03_VerifyLogin" finished-at="2023-05-25T14:08:19 IST" duration-ms="21106" status="PASS">
          <reporter-output>
          </reporter-output>
        </test-method> <!-- Tc03_VerifyLogin -->
      </class> <!-- loginTC.Tc03 -->
      <class name="loginTC.Tc04">
        <test-method signature="Tc04_VerifyLogin()[pri:0, instance:loginTC.Tc04@3c419631]" started-at="2023-05-25T14:07:58 IST" name="Tc04_VerifyLogin" finished-at="2023-05-25T14:08:12 IST" duration-ms="14158" status="PASS">
          <reporter-output>
          </reporter-output>
        </test-method> <!-- Tc04_VerifyLogin -->
      </class> <!-- loginTC.Tc04 -->
      <class name="loginTC.Tc02">
        <test-method signature="Tc02_VerifyLogin()[pri:0, instance:loginTC.Tc02@4b5d6a01]" started-at="2023-05-25T14:07:58 IST" name="Tc02_VerifyLogin" finished-at="2023-05-25T14:08:19 IST" duration-ms="21388" status="PASS">
          <reporter-output>
          </reporter-output>
        </test-method> <!-- Tc02_VerifyLogin -->
      </class> <!-- loginTC.Tc02 -->
    </test> <!-- NegativeTC -->
  </suite> <!-- Suite -->
</testng-results>
