<?xml version="1.0" encoding="UTF-8"?>
<testng-results ignored="0" total="7" passed="7" failed="0" skipped="0">
  <reporter-output>
  </reporter-output>
  <suite started-at="2023-05-25T21:57:08 IST" name="Suite" finished-at="2023-05-25T21:57:51 IST" duration-ms="42581">
    <groups>
    </groups>
    <test started-at="2023-05-25T21:57:08 IST" name="PositiveTC" finished-at="2023-05-25T21:57:20 IST" duration-ms="12125">
      <class name="loginTC.Tc01">
        <test-method signature="Tc01_VerifyLogin()[pri:0, instance:loginTC.Tc01@2f112965]" started-at="2023-05-25T21:57:08 IST" name="Tc01_VerifyLogin" finished-at="2023-05-25T21:57:20 IST" duration-ms="12097" status="PASS">
          <reporter-output>
          </reporter-output>
        </test-method> <!-- Tc01_VerifyLogin -->
      </class> <!-- loginTC.Tc01 -->
    </test> <!-- PositiveTC -->
    <test started-at="2023-05-25T21:57:20 IST" name="NegativeTC" finished-at="2023-05-25T21:57:51 IST" duration-ms="30433">
      <class name="loginTC.Tc05">
        <test-method signature="Tc04_VerifyLogin()[pri:0, instance:loginTC.Tc05@61230f6a]" started-at="2023-05-25T21:57:20 IST" name="Tc04_VerifyLogin" finished-at="2023-05-25T21:57:40 IST" duration-ms="19799" status="PASS">
          <reporter-output>
          </reporter-output>
        </test-method> <!-- Tc04_VerifyLogin -->
      </class> <!-- loginTC.Tc05 -->
      <class name="loginTC.Tc06">
        <test-method signature="Tc04_VerifyLogin()[pri:0, instance:loginTC.Tc06@3c130745]" started-at="2023-05-25T21:57:20 IST" name="Tc04_VerifyLogin" finished-at="2023-05-25T21:57:39 IST" duration-ms="19008" status="PASS">
          <reporter-output>
          </reporter-output>
        </test-method> <!-- Tc04_VerifyLogin -->
      </class> <!-- loginTC.Tc06 -->
      <class name="loginTC.Tc03">
        <test-method signature="Tc03_VerifyLogin()[pri:0, instance:loginTC.Tc03@3c419631]" started-at="2023-05-25T21:57:20 IST" name="Tc03_VerifyLogin" finished-at="2023-05-25T21:57:39 IST" duration-ms="19277" status="PASS">
          <reporter-output>
          </reporter-output>
        </test-method> <!-- Tc03_VerifyLogin -->
      </class> <!-- loginTC.Tc03 -->
      <class name="loginTC.Tc04">
        <test-method signature="Tc04_VerifyLogin()[pri:0, instance:loginTC.Tc04@418e7838]" started-at="2023-05-25T21:57:20 IST" name="Tc04_VerifyLogin" finished-at="2023-05-25T21:57:40 IST" duration-ms="20298" status="PASS">
          <reporter-output>
          </reporter-output>
        </test-method> <!-- Tc04_VerifyLogin -->
      </class> <!-- loginTC.Tc04 -->
      <class name="loginTC.Tc07">
        <test-method signature="Tc04_VerifyLogin()[pri:0, instance:loginTC.Tc07@cd3fee8]" started-at="2023-05-25T21:57:34 IST" name="Tc04_VerifyLogin" finished-at="2023-05-25T21:57:51 IST" duration-ms="16176" status="PASS">
          <reporter-output>
          </reporter-output>
        </test-method> <!-- Tc04_VerifyLogin -->
      </class> <!-- loginTC.Tc07 -->
      <class name="loginTC.Tc02">
        <test-method signature="Tc02_VerifyLogin()[pri:0, instance:loginTC.Tc02@4a22f9e2]" started-at="2023-05-25T21:57:20 IST" name="Tc02_VerifyLogin" finished-at="2023-05-25T21:57:34 IST" duration-ms="14251" status="PASS">
          <reporter-output>
          </reporter-output>
        </test-method> <!-- Tc02_VerifyLogin -->
      </class> <!-- loginTC.Tc02 -->
    </test> <!-- NegativeTC -->
  </suite> <!-- Suite -->
</testng-results>
